<?xml version="1.0" encoding="UTF-8"?>
<!-- Generated by org.testng.reporters.JUnitReportReporter -->
<testsuite hostname="Yehia-pc" failures="0" tests="4" name="testcases.TC01_Login" time="13.744" errors="0" timestamp="2023-09-29T15:56:55 EET" skipped="0">
  <testcase classname="testcases.TC01_Login" name="checkLoginWithValidEmailandPassword_P" time="6.156"/>
  <system-out/>
  <testcase classname="testcases.TC01_Login" name="checkLoginWithValidEmailandInvalidpassword_N" time="2.504"/>
  <system-out/>
  <testcase classname="testcases.TC01_Login" name="checkLoginWithInvalidEmailandValidpassword_N" time="2.298"/>
  <system-out/>
  <testcase classname="testcases.TC01_Login" name="checkLoginWithInvalidEmailandInvalidpassword_N" time="2.786"/>
  <system-out/>
</testsuite> <!-- testcases.TC01_Login -->
