<?xml version="1.0" encoding="UTF-8"?>
<!-- Generated by org.testng.reporters.JUnitReportReporter -->
<testsuite hostname="Yehia-pc" failures="0" tests="3" name="testcases.TC01_Login" time="16.782" errors="0" timestamp="2023-10-12T21:39:38 EET" skipped="0">
  <testcase classname="testcases.TC01_Login" name="checkLoginWithValidEmailandPassword_P" time="10.026"/>
  <system-out/>
  <testcase classname="testcases.TC01_Login" name="checkLoginWithValidEmailandPassword_P" time="3.499"/>
  <system-out/>
  <testcase classname="testcases.TC01_Login" name="checkLoginWithValidEmailandPassword_P" time="3.257"/>
  <system-out/>
</testsuite> <!-- testcases.TC01_Login -->
