<?xml version="1.0" encoding="UTF-8"?>
<!-- Generated by org.testng.reporters.JUnitReportReporter -->
<testsuite hostname="Yehia-pc" failures="0" tests="1" name="testcases.TC02_CreateOrder" time="5.529" errors="0" timestamp="2023-09-18T21:04:17 EET" skipped="0">
  <testcase classname="testcases.TC02_CreateOrder" name="addAllItemsToCart" time="5.529"/>
  <system-out/>
</testsuite> <!-- testcases.TC02_CreateOrder -->
