<?xml version="1.0" encoding="UTF-8"?>
<!-- Generated by org.testng.reporters.JUnitReportReporter -->
<testsuite hostname="Yehia-pc" failures="0" tests="4" name="testcases.TC01_Login" time="6.579" errors="0" timestamp="2023-09-15T16:37:29 EET" skipped="0">
  <testcase classname="testcases.TC01_Login" name="checkLoginWithValidEmailandPassword_P" time="3.873"/>
  <system-out/>
  <testcase classname="testcases.TC01_Login" name="checkLoginWithValidEmailandInvalidpassword_N" time="0.763"/>
  <system-out/>
  <testcase classname="testcases.TC01_Login" name="checkLoginWithInvalidEmailandValidpassword_N" time="0.678"/>
  <system-out/>
  <testcase classname="testcases.TC01_Login" name="checkLoginWithInvalidEmailandInvalidpassword_N" time="1.265"/>
  <system-out/>
</testsuite> <!-- testcases.TC01_Login -->
