<?xml version="1.0" encoding="UTF-8"?>
<!-- Generated by org.testng.reporters.JUnitReportReporter -->
<testsuite hostname="Yehia-pc" failures="0" tests="3" name="testcases.TC02_CreateOrder" time="31.557" errors="0" timestamp="2023-10-12T21:39:38 EET" skipped="0">
  <testcase classname="testcases.TC02_CreateOrder" name="addAllItemsToCart" time="9.953"/>
  <system-out/>
  <testcase classname="testcases.TC02_CreateOrder" name="addAllItemsToCart" time="11.297"/>
  <system-out/>
  <testcase classname="testcases.TC02_CreateOrder" name="addAllItemsToCart" time="10.307"/>
  <system-out/>
</testsuite> <!-- testcases.TC02_CreateOrder -->
