<?xml version="1.0" encoding="UTF-8"?>
<!-- Generated by org.testng.reporters.JUnitReportReporter -->
<testsuite hostname="Yehia-pc" failures="0" tests="4" name="testcases.TC01_Login" time="5.421" errors="0" timestamp="2023-09-18T21:04:17 EET" skipped="0">
  <testcase classname="testcases.TC01_Login" name="checkLoginWithValidEmailandPassword_P" time="4.042"/>
  <system-out/>
  <testcase classname="testcases.TC01_Login" name="checkLoginWithValidEmailandInvalidpassword_N" time="0.453"/>
  <system-out/>
  <testcase classname="testcases.TC01_Login" name="checkLoginWithInvalidEmailandValidpassword_N" time="0.463"/>
  <system-out/>
  <testcase classname="testcases.TC01_Login" name="checkLoginWithInvalidEmailandInvalidpassword_N" time="0.463"/>
  <system-out/>
</testsuite> <!-- testcases.TC01_Login -->
