<?xml version="1.0" encoding="UTF-8"?>
<!-- Generated by org.testng.reporters.JUnitReportReporter -->
<testsuite hostname="Yehia-pc" failures="0" tests="3" name="testcases.TC02_CreateOrder" time="44.198" errors="0" timestamp="2023-10-13T18:09:53 EET" skipped="0">
  <testcase classname="testcases.TC02_CreateOrder" name="addAllItemsToCart" time="14.755"/>
  <system-out/>
  <testcase classname="testcases.TC02_CreateOrder" name="addAllItemsToCart" time="16.191"/>
  <system-out/>
  <testcase classname="testcases.TC02_CreateOrder" name="addAllItemsToCart" time="13.252"/>
  <system-out/>
</testsuite> <!-- testcases.TC02_CreateOrder -->
