<?xml version="1.0" encoding="UTF-8"?>
<!-- Generated by org.testng.reporters.JUnitReportReporter -->
<testsuite hostname="Yehia-pc" failures="0" tests="6" name="testcases.TC01_Login" time="29.054" errors="0" timestamp="2023-10-13T18:09:53 EET" skipped="0">
  <testcase classname="testcases.TC01_Login" name="checkLoginWithValidEmailandPassword_P" time="6.042"/>
  <system-out/>
  <testcase classname="testcases.TC01_Login" name="checkLoginWithValidEmailandPassword_P" time="12.806"/>
  <system-out/>
  <testcase classname="testcases.TC01_Login" name="checkLoginWithValidEmailandPassword_P" time="6.007"/>
  <system-out/>
  <testcase classname="testcases.TC01_Login" name="checkLoginWithValidEmailandInvalidpassword_N" time="1.465"/>
  <system-out/>
  <testcase classname="testcases.TC01_Login" name="checkLoginWithInvalidEmailandValidpassword_N" time="1.157"/>
  <system-out/>
  <testcase classname="testcases.TC01_Login" name="checkLoginWithInvalidEmailandInvalidpassword_N" time="1.577"/>
  <system-out/>
</testsuite> <!-- testcases.TC01_Login -->
